2024-06-07 07:49:55 info: Congratulations, your extension "Embold" is now active!
2024-06-07 07:49:55 info: tempDirectory : c:\Users\ASUS\.vscode\extensions\embold-vscode.embold-0.1.8\temp
2024-06-07 07:49:55 info: Extraction complete for source: c:\Users\ASUS\.vscode\extensions\embold-vscode.embold-0.1.8\resources\embold-scanner-archive.zip, destination: c:\Users\ASUS\.vscode\extensions\embold-vscode.embold-0.1.8\temp
2024-06-07 07:49:55 info: Extension installed on machine OS : win32
2024-06-07 07:49:55 info: Fetched the issues from DB
2024-06-07 07:49:55 info: Java version installed on machine : 
java version "1.8.0_381"
Java(TM) SE Runtime Environment (build 1.8.0_381-b09)
Java HotSpot(TM) 64-Bit Server VM (build 25.381-b09, mixed mode)

2024-06-07 07:49:55 info: Java installed on machine.
2024-06-07 07:49:56 info: Embold extension version response:{"hasSupport":false,"version":"0.1.6","changeNotes":"<div> <p>Release Date: 09 Oct, 2023 <br><span>Bug fixes and improvements.</span></p> </div>"}
2024-06-07 07:49:56 info: Current installed embold extension version : 0.1.8
2024-06-07 07:49:56 info: Latest embold extension version on marketplace : 0.1.6
2024-06-07 08:02:21 info: Row(s) deleted
2024-06-07 08:02:21 info: Row(s) deleted
2024-06-07 08:02:21 info: Row(s) deleted
2024-06-07 08:02:21 info: Row(s) deleted
2024-06-07 08:02:21 info: Row(s) deleted
2024-06-07 08:02:21 info: Row(s) deleted
2024-06-07 08:02:21 info: Row(s) deleted
2024-06-07 08:02:21 info: Row(s) deleted
2024-06-07 08:02:22 info: Row(s) deleted
2024-06-07 08:02:22 info: Row(s) deleted
2024-06-07 08:02:22 info: Row(s) deleted
2024-06-07 08:02:22 info: Row(s) deleted
2024-06-07 08:02:22 info: Row(s) deleted
2024-06-07 08:02:22 info: Row(s) deleted
2024-06-07 08:02:22 info: Row(s) deleted
2024-06-07 08:02:22 info: Row(s) deleted
2024-06-07 08:02:22 info: Row(s) deleted
2024-06-07 08:02:22 info: Row(s) deleted
2024-06-07 08:02:23 info: Row(s) deleted
2024-06-07 08:02:24 info: Row(s) deleted
2024-06-11 12:34:32 info: Congratulations, your extension "Embold" is now active!
2024-06-11 12:34:32 info: tempDirectory : c:\Users\ASUS\.vscode\extensions\embold-vscode.embold-0.1.8\temp
2024-06-11 12:34:32 info: Extraction complete for source: c:\Users\ASUS\.vscode\extensions\embold-vscode.embold-0.1.8\resources\embold-scanner-archive.zip, destination: c:\Users\ASUS\.vscode\extensions\embold-vscode.embold-0.1.8\temp
2024-06-11 12:34:32 info: Extension installed on machine OS : win32
2024-06-11 12:34:32 info: Fetched the issues from DB
2024-06-11 12:34:32 info: Java version installed on machine : 
java version "1.8.0_381"
Java(TM) SE Runtime Environment (build 1.8.0_381-b09)
Java HotSpot(TM) 64-Bit Server VM (build 25.381-b09, mixed mode)

2024-06-11 12:34:32 info: Java installed on machine.
2024-06-11 12:34:35 info: Embold extension version response:{"hasSupport":false,"version":"0.1.6","changeNotes":"<div> <p>Release Date: 09 Oct, 2023 <br><span>Bug fixes and improvements.</span></p> </div>"}
2024-06-11 12:34:35 info: Current installed embold extension version : 0.1.8
2024-06-11 12:34:35 info: Latest embold extension version on marketplace : 0.1.6
2024-06-11 12:36:57 info: Row(s) deleted
2024-06-11 12:37:06 info: Row(s) deleted
2024-06-11 12:41:50 info: Row(s) deleted
2024-06-11 12:41:54 info: Row(s) deleted
2024-06-11 12:42:53 info: Row(s) deleted
2024-06-11 12:42:59 info: Row(s) deleted
2024-06-11 12:43:05 info: Row(s) deleted
2024-06-11 12:43:30 info: Row(s) deleted
2024-06-11 12:45:46 info: Row(s) deleted
2024-06-11 12:46:05 info: Row(s) deleted
2024-06-11 12:46:12 info: Row(s) deleted
2024-06-11 12:54:52 info: Row(s) deleted
2024-06-11 12:57:46 info: Row(s) deleted
2024-06-11 13:07:27 info: Row(s) deleted
2024-06-11 13:07:27 info: Row(s) deleted
2024-06-11 13:07:27 info: Row(s) deleted
2024-06-11 13:17:42 info: Row(s) deleted
2024-06-11 13:23:10 info: Row(s) deleted
2024-06-11 13:23:10 info: Row(s) deleted
2024-06-11 14:10:14 info: Row(s) deleted
2024-06-12 09:31:35 info: Congratulations, your extension "Embold" is now active!
2024-06-12 09:31:35 info: tempDirectory : c:\Users\ASUS\.vscode\extensions\embold-vscode.embold-0.1.8\temp
2024-06-12 09:31:35 info: Extraction complete for source: c:\Users\ASUS\.vscode\extensions\embold-vscode.embold-0.1.8\resources\embold-scanner-archive.zip, destination: c:\Users\ASUS\.vscode\extensions\embold-vscode.embold-0.1.8\temp
2024-06-12 09:31:35 info: Extension installed on machine OS : win32
2024-06-12 09:31:35 info: Fetched the issues from DB
2024-06-12 09:31:36 info: Java version installed on machine : 
java version "1.8.0_381"
Java(TM) SE Runtime Environment (build 1.8.0_381-b09)
Java HotSpot(TM) 64-Bit Server VM (build 25.381-b09, mixed mode)

2024-06-12 09:31:36 info: Java installed on machine.
2024-06-12 09:31:37 info: Embold extension version response:{"hasSupport":false,"version":"0.1.6","changeNotes":"<div> <p>Release Date: 09 Oct, 2023 <br><span>Bug fixes and improvements.</span></p> </div>"}
2024-06-12 09:31:37 info: Current installed embold extension version : 0.1.8
2024-06-12 09:31:37 info: Latest embold extension version on marketplace : 0.1.6
2024-06-16 21:01:24 info: Congratulations, your extension "Embold" is now active!
2024-06-16 21:01:24 info: tempDirectory : c:\Users\ASUS\.vscode\extensions\embold-vscode.embold-0.1.8\temp
2024-06-16 21:01:24 info: Extraction complete for source: c:\Users\ASUS\.vscode\extensions\embold-vscode.embold-0.1.8\resources\embold-scanner-archive.zip, destination: c:\Users\ASUS\.vscode\extensions\embold-vscode.embold-0.1.8\temp
2024-06-16 21:01:24 info: Extension installed on machine OS : win32
2024-06-16 21:01:24 info: Fetched the issues from DB
2024-06-16 21:01:24 info: Java version installed on machine : 
java version "1.8.0_381"
Java(TM) SE Runtime Environment (build 1.8.0_381-b09)
Java HotSpot(TM) 64-Bit Server VM (build 25.381-b09, mixed mode)

2024-06-16 21:01:24 info: Java installed on machine.
2024-06-16 21:01:26 info: Embold extension version response:{"hasSupport":false,"version":"0.1.6","changeNotes":"<div> <p>Release Date: 09 Oct, 2023 <br><span>Bug fixes and improvements.</span></p> </div>"}
2024-06-16 21:01:26 info: Current installed embold extension version : 0.1.8
2024-06-16 21:01:26 info: Latest embold extension version on marketplace : 0.1.6
2024-06-16 22:13:53 info: Row(s) deleted
2024-06-16 22:14:48 info: Row(s) deleted
2024-06-17 11:30:13 info: Congratulations, your extension "Embold" is now active!
2024-06-17 11:30:13 info: tempDirectory : c:\Users\ASUS\.vscode\extensions\embold-vscode.embold-0.1.8\temp
2024-06-17 11:30:14 info: Extraction complete for source: c:\Users\ASUS\.vscode\extensions\embold-vscode.embold-0.1.8\resources\embold-scanner-archive.zip, destination: c:\Users\ASUS\.vscode\extensions\embold-vscode.embold-0.1.8\temp
2024-06-17 11:30:14 info: Extension installed on machine OS : win32
2024-06-17 11:30:14 info: Fetched the issues from DB
2024-06-17 11:30:14 info: Java version installed on machine : 
java version "1.8.0_381"
Java(TM) SE Runtime Environment (build 1.8.0_381-b09)
Java HotSpot(TM) 64-Bit Server VM (build 25.381-b09, mixed mode)

2024-06-17 11:30:14 info: Java installed on machine.
2024-06-17 11:30:15 info: Embold extension version response:{"hasSupport":false,"version":"0.1.6","changeNotes":"<div> <p>Release Date: 09 Oct, 2023 <br><span>Bug fixes and improvements.</span></p> </div>"}
2024-06-17 11:30:15 info: Current installed embold extension version : 0.1.8
2024-06-17 11:30:15 info: Latest embold extension version on marketplace : 0.1.6
2024-06-24 16:31:24 info: Congratulations, your extension "Embold" is now active!
2024-06-24 16:31:24 info: tempDirectory : c:\Users\ASUS\.vscode\extensions\embold-vscode.embold-0.1.8\temp
2024-06-24 16:31:25 info: Extraction complete for source: c:\Users\ASUS\.vscode\extensions\embold-vscode.embold-0.1.8\resources\embold-scanner-archive.zip, destination: c:\Users\ASUS\.vscode\extensions\embold-vscode.embold-0.1.8\temp
2024-06-24 16:31:25 info: Extension installed on machine OS : win32
2024-06-24 16:31:25 info: Fetched the issues from DB
2024-06-24 16:31:25 info: Java version installed on machine : 
java version "1.8.0_381"
Java(TM) SE Runtime Environment (build 1.8.0_381-b09)
Java HotSpot(TM) 64-Bit Server VM (build 25.381-b09, mixed mode)

2024-06-24 16:31:25 info: Java installed on machine.
2024-06-24 16:31:25 info: Embold extension version response:{"hasSupport":false,"version":"0.1.6","changeNotes":"<div> <p>Release Date: 09 Oct, 2023 <br><span>Bug fixes and improvements.</span></p> </div>"}
2024-06-24 16:31:25 info: Current installed embold extension version : 0.1.8
2024-06-24 16:31:25 info: Latest embold extension version on marketplace : 0.1.6
2024-06-24 17:09:28 info: Row(s) deleted
2024-06-24 17:09:28 info: Row(s) deleted
2024-06-24 17:09:28 info: Row(s) deleted
2024-06-24 17:09:28 info: Row(s) deleted
2024-06-24 17:17:51 info: Row(s) deleted
2024-06-24 17:20:01 info: Row(s) deleted
2024-06-24 17:24:44 info: Row(s) deleted
2024-06-24 17:24:44 info: Row(s) deleted
2024-06-24 17:24:44 info: Row(s) deleted
2024-06-24 17:34:38 info: Row(s) deleted
2024-06-24 17:34:38 info: Row(s) deleted
2024-06-24 17:34:38 info: Row(s) deleted
2024-06-24 17:34:38 info: Row(s) deleted
2024-06-24 17:47:49 info: Row(s) deleted
2024-06-24 17:47:49 info: Row(s) deleted
2024-06-24 17:53:26 info: Row(s) deleted
2024-06-24 17:53:26 info: Row(s) deleted
2024-06-24 17:53:27 info: Row(s) deleted
2024-06-24 17:53:27 info: Row(s) deleted
2024-06-25 09:26:33 info: Congratulations, your extension "Embold" is now active!
2024-06-25 09:26:33 info: tempDirectory : c:\Users\ASUS\.vscode\extensions\embold-vscode.embold-0.1.8\temp
2024-06-25 09:26:34 info: Extraction complete for source: c:\Users\ASUS\.vscode\extensions\embold-vscode.embold-0.1.8\resources\embold-scanner-archive.zip, destination: c:\Users\ASUS\.vscode\extensions\embold-vscode.embold-0.1.8\temp
2024-06-25 09:26:34 info: Extension installed on machine OS : win32
2024-06-25 09:26:34 info: Fetched the issues from DB
2024-06-25 09:26:34 info: Java version installed on machine : 
java version "1.8.0_381"
Java(TM) SE Runtime Environment (build 1.8.0_381-b09)
Java HotSpot(TM) 64-Bit Server VM (build 25.381-b09, mixed mode)

2024-06-25 09:26:34 info: Java installed on machine.
2024-06-25 09:26:35 info: Embold extension version response:{"hasSupport":false,"version":"0.1.6","changeNotes":"<div> <p>Release Date: 09 Oct, 2023 <br><span>Bug fixes and improvements.</span></p> </div>"}
2024-06-25 09:26:35 info: Current installed embold extension version : 0.1.8
2024-06-25 09:26:35 info: Latest embold extension version on marketplace : 0.1.6
2024-06-25 09:44:05 info: Row(s) deleted
2024-06-25 09:48:12 info: Row(s) deleted
2024-06-25 09:48:12 info: Row(s) deleted
2024-06-25 09:50:08 info: Row(s) deleted
2024-06-25 09:59:45 info: Row(s) deleted
2024-06-25 10:07:26 info: Row(s) deleted
2024-06-25 10:08:56 info: Row(s) deleted
2024-06-25 10:11:48 info: Row(s) deleted
2024-06-25 10:11:48 info: Row(s) deleted
2024-06-25 10:11:49 info: Row(s) deleted
2024-06-25 10:16:42 info: Row(s) deleted
2024-06-25 10:16:42 info: Row(s) deleted
2024-06-25 10:16:42 info: Row(s) deleted
2024-06-25 10:18:27 info: Row(s) deleted
2024-06-25 10:18:27 info: Row(s) deleted
2024-06-25 10:18:27 info: Row(s) deleted
2024-06-25 10:21:58 info: Row(s) deleted
2024-06-25 10:25:19 info: Row(s) deleted
2024-06-25 10:25:19 info: Row(s) deleted
2024-06-25 10:25:19 info: Row(s) deleted
2024-06-25 10:29:48 info: Row(s) deleted
2024-06-25 10:29:48 info: Row(s) deleted
2024-06-25 10:29:48 info: Row(s) deleted
2024-06-25 10:36:31 info: Row(s) deleted
2024-06-25 10:38:42 info: Row(s) deleted
2024-06-25 12:40:32 info: Congratulations, your extension "Embold" is now active!
2024-06-25 12:40:32 info: tempDirectory : c:\Users\ASUS\.vscode\extensions\embold-vscode.embold-0.1.8\temp
2024-06-25 12:40:33 info: Extraction complete for source: c:\Users\ASUS\.vscode\extensions\embold-vscode.embold-0.1.8\resources\embold-scanner-archive.zip, destination: c:\Users\ASUS\.vscode\extensions\embold-vscode.embold-0.1.8\temp
2024-06-25 12:40:33 info: Extension installed on machine OS : win32
2024-06-25 12:40:33 info: Fetched the issues from DB
2024-06-25 12:40:33 info: Java version installed on machine : 
java version "1.8.0_381"
Java(TM) SE Runtime Environment (build 1.8.0_381-b09)
Java HotSpot(TM) 64-Bit Server VM (build 25.381-b09, mixed mode)

2024-06-25 12:40:33 info: Java installed on machine.
2024-06-25 12:40:36 info: Embold extension version response:{"hasSupport":false,"version":"0.1.6","changeNotes":"<div> <p>Release Date: 09 Oct, 2023 <br><span>Bug fixes and improvements.</span></p> </div>"}
2024-06-25 12:40:36 info: Current installed embold extension version : 0.1.8
2024-06-25 12:40:36 info: Latest embold extension version on marketplace : 0.1.6
2024-06-25 12:41:18 info: Row(s) deleted
2024-06-25 12:41:18 info: Row(s) deleted
2024-06-25 12:47:12 info: Row(s) deleted
2024-06-25 13:17:08 info: Row(s) deleted
2024-06-25 13:29:23 info: Row(s) deleted
2024-06-25 13:41:44 info: Row(s) deleted
2024-06-25 13:41:44 info: Row(s) deleted
2024-06-25 13:43:36 info: Row(s) deleted
2024-06-25 13:46:03 info: Row(s) deleted
2024-06-25 13:46:03 info: Row(s) deleted
2024-06-25 13:52:35 info: Row(s) deleted
2024-06-25 14:16:19 info: Row(s) deleted
2024-06-25 14:16:57 info: Row(s) deleted
2024-06-25 14:16:57 info: Row(s) deleted
2024-06-25 14:16:57 info: Row(s) deleted
2024-06-25 14:16:57 info: Row(s) deleted
2024-06-25 14:21:58 info: Row(s) deleted
2024-06-25 14:21:58 info: Row(s) deleted
2024-06-25 14:25:30 info: Row(s) deleted
2024-06-25 14:25:30 info: Row(s) deleted
2024-06-25 14:26:32 info: Row(s) deleted
2024-06-25 14:28:39 info: Row(s) deleted
2024-06-25 14:30:01 info: Row(s) deleted
2024-06-25 14:31:42 info: Row(s) deleted
2024-06-25 14:35:51 info: Row(s) deleted
2024-06-25 14:35:51 info: Row(s) deleted
2024-06-25 14:35:51 info: Row(s) deleted
2024-06-26 12:44:05 info: Congratulations, your extension "Embold" is now active!
2024-06-26 12:44:05 info: tempDirectory : c:\Users\ASUS\.vscode\extensions\embold-vscode.embold-0.1.8\temp
2024-06-27 10:44:42 info: Congratulations, your extension "Embold" is now active!
2024-06-27 10:44:42 info: tempDirectory : c:\Users\ASUS\.vscode\extensions\embold-vscode.embold-0.1.8\temp
2024-06-27 10:44:43 info: Extraction complete for source: c:\Users\ASUS\.vscode\extensions\embold-vscode.embold-0.1.8\resources\embold-scanner-archive.zip, destination: c:\Users\ASUS\.vscode\extensions\embold-vscode.embold-0.1.8\temp
2024-06-27 10:44:43 info: Extension installed on machine OS : win32
2024-06-27 10:44:43 info: Fetched the issues from DB
2024-06-27 10:44:43 info: Java version installed on machine : 
java version "1.8.0_381"
Java(TM) SE Runtime Environment (build 1.8.0_381-b09)
Java HotSpot(TM) 64-Bit Server VM (build 25.381-b09, mixed mode)

2024-06-27 10:44:43 info: Java installed on machine.
2024-06-27 10:44:43 info: Embold extension version response:{"hasSupport":false,"version":"0.1.6","changeNotes":"<div> <p>Release Date: 09 Oct, 2023 <br><span>Bug fixes and improvements.</span></p> </div>"}
2024-06-27 10:44:43 info: Current installed embold extension version : 0.1.8
2024-06-27 10:44:43 info: Latest embold extension version on marketplace : 0.1.6
2024-06-27 16:04:01 info: Row(s) deleted
2024-06-27 16:04:01 info: Row(s) deleted
2024-06-27 16:26:25 info: Row(s) deleted
2024-06-27 16:28:22 info: Row(s) deleted
2024-06-27 16:28:22 info: Row(s) deleted
2024-06-27 16:30:55 info: Row(s) deleted
2024-06-27 16:32:26 info: Row(s) deleted
2024-06-27 16:32:26 info: Row(s) deleted
2024-06-27 16:32:27 info: Row(s) deleted
2024-06-27 16:34:34 info: Row(s) deleted
2024-06-27 16:34:34 info: Row(s) deleted
2024-06-27 17:03:04 info: Row(s) deleted
2024-06-27 17:03:04 info: Row(s) deleted
2024-06-27 17:03:04 info: Row(s) deleted
2024-06-27 17:03:04 info: Row(s) deleted
2024-06-27 17:11:00 info: Row(s) deleted
2024-06-27 17:11:00 info: Row(s) deleted
2024-06-27 17:11:00 info: Row(s) deleted
2024-06-27 20:41:59 info: Row(s) deleted
2024-06-27 20:41:59 info: Row(s) deleted
2024-06-27 20:41:59 info: Row(s) deleted
2024-06-27 20:41:59 info: Row(s) deleted
