2024-06-14 12:30:47 info: Congratulations, your extension "Embold" is now active!
2024-06-14 12:30:47 info: tempDirectory : c:\Users\ASUS\.vscode\extensions\embold-vscode.embold-0.1.8\temp
2024-06-14 12:30:47 info: Extraction complete for source: c:\Users\ASUS\.vscode\extensions\embold-vscode.embold-0.1.8\resources\embold-scanner-archive.zip, destination: c:\Users\ASUS\.vscode\extensions\embold-vscode.embold-0.1.8\temp
2024-06-14 12:30:47 info: Extension installed on machine OS : win32
2024-06-14 12:30:47 info: Fetched the issues from DB
2024-06-14 12:30:48 info: Java version installed on machine : 
java version "1.8.0_381"
Java(TM) SE Runtime Environment (build 1.8.0_381-b09)
Java HotSpot(TM) 64-Bit Server VM (build 25.381-b09, mixed mode)

2024-06-14 12:30:48 info: Java installed on machine.
2024-06-14 12:30:49 info: Embold extension version response:{"hasSupport":false,"version":"0.1.6","changeNotes":"<div> <p>Release Date: 09 Oct, 2023 <br><span>Bug fixes and improvements.</span></p> </div>"}
2024-06-14 12:30:49 info: Current installed embold extension version : 0.1.8
2024-06-14 12:30:49 info: Latest embold extension version on marketplace : 0.1.6
2024-06-14 12:56:52 info: Row(s) deleted
2024-06-14 13:09:05 info: Row(s) deleted
2024-06-14 13:09:26 info: Row(s) deleted
2024-06-14 13:13:23 info: Row(s) deleted
2024-06-14 13:15:30 info: Row(s) deleted
2024-06-14 13:15:42 info: Row(s) deleted
2024-06-14 13:17:48 info: Row(s) deleted
2024-06-14 13:38:29 info: Row(s) deleted
2024-06-14 13:41:17 info: Row(s) deleted
2024-06-14 13:41:17 info: Row(s) deleted
2024-06-14 13:44:15 info: Row(s) deleted
2024-06-14 13:53:52 info: Row(s) deleted
2024-06-14 13:57:59 info: Row(s) deleted
2024-06-14 13:57:59 info: Row(s) deleted
2024-06-14 13:57:59 info: Row(s) deleted
2024-06-14 14:12:21 info: Row(s) deleted
2024-06-14 14:14:59 info: Row(s) deleted
2024-06-14 14:27:17 info: Row(s) deleted
2024-06-14 14:27:17 info: Row(s) deleted
2024-06-14 14:27:17 info: Row(s) deleted
2024-06-14 14:31:20 info: Row(s) deleted
2024-06-14 14:32:45 info: Row(s) deleted
2024-06-14 14:35:27 info: Row(s) deleted
2024-06-14 14:36:59 info: Row(s) deleted
2024-06-14 14:37:41 info: Row(s) deleted
2024-06-14 14:40:44 info: Row(s) deleted
